<?xml version="1.0" encoding="UTF-8"?>
<coverage generated="1778171813">
  <project timestamp="1778171813">
    <file name="/home/runner/work/is-array-rule/is-array-rule/src/IsArrayRule.php">
      <class name="Aegisora\Rules\IsArrayRule" namespace="global">
        <metrics complexity="3" methods="2" coveredmethods="2" conditionals="0" coveredconditionals="0" statements="2" coveredstatements="2" elements="4" coveredelements="4"/>
      </class>
      <line num="11" type="method" name="create" visibility="public" complexity="1" crap="1" count="1"/>
      <line num="13" type="stmt" count="1"/>
      <line num="16" type="method" name="executeValidate" visibility="protected" complexity="2" crap="2" count="8"/>
      <line num="18" type="stmt" count="8"/>
      <metrics loc="21" ncloc="21" classes="1" methods="2" coveredmethods="2" conditionals="0" coveredconditionals="0" statements="2" coveredstatements="2" elements="4" coveredelements="4"/>
    </file>
    <metrics files="1" loc="21" ncloc="21" classes="1" methods="2" coveredmethods="2" conditionals="0" coveredconditionals="0" statements="2" coveredstatements="2" elements="4" coveredelements="4"/>
  </project>
</coverage>
